<?xml version="1.0" encoding="UTF-8"?>
<!-- Generated by org.testng.reporters.JUnitReportReporter -->
<testsuite hostname="LAPTOP-33CIC546" failures="0" tests="1" name="sample.Sample3" time="0.012" errors="0" timestamp="2024-08-27T15:52:25 IST" skipped="0">
  <testcase classname="sample.Sample3" name="createUser" time="0.012"/>
  <system-out/>
</testsuite> <!-- sample.Sample3 -->
