<?xml version="1.0" encoding="UTF-8"?>
<!-- Generated by org.testng.reporters.JUnitReportReporter -->
<testsuite hostname="LAPTOP-33CIC546" failures="0" tests="1" name="tc_Repository.LE_02" time="15.008" errors="0" timestamp="2024-08-30T09:17:52 IST" skipped="0">
  <testcase classname="tc_Repository.LE_02" name="le_01Case" time="15.008"/>
</testsuite> <!-- tc_Repository.LE_02 -->
