<?xml version="1.0" encoding="UTF-8"?>
<!-- Generated by org.testng.reporters.JUnitReportReporter -->
<testsuite hostname="LAPTOP-33CIC546" failures="0" tests="1" name="tc_Repository.LE_03" time="18.876" errors="0" timestamp="2024-08-30T08:47:30 IST" skipped="0">
  <testcase classname="tc_Repository.LE_03" name="le_01Case" time="18.876"/>
</testsuite> <!-- tc_Repository.LE_03 -->
