<?xml version="1.0" encoding="UTF-8"?>
<!-- Generated by org.testng.reporters.JUnitReportReporter -->
<testsuite hostname="LAPTOP-33CIC546" failures="0" tests="2" name="sample.Sample4" time="0.012" errors="0" timestamp="2024-08-28T09:52:29 IST" skipped="0">
  <testcase classname="sample.Sample4" name="containsLevelCompare" time="0.012"/>
  <system-out/>
  <testcase classname="sample.Sample4" name="hardAssertStrictCompare" time="0.000"/>
  <system-out/>
</testsuite> <!-- sample.Sample4 -->
