<?xml version="1.0" encoding="UTF-8"?>
<!-- Generated by org.testng.reporters.JUnitReportReporter -->
<testsuite hostname="LAPTOP-33CIC546" failures="0" tests="7" name="sample.Sample2" time="0.012" errors="0" timestamp="2024-08-27T15:38:34 IST" skipped="0">
  <testcase classname="sample.Sample2" name="createUser" time="0.007"/>
  <system-out/>
  <testcase classname="sample.Sample2" name="createUser" time="0.001"/>
  <system-out/>
  <testcase classname="sample.Sample2" name="createUser" time="0.000"/>
  <system-out/>
  <testcase classname="sample.Sample2" name="createUser" time="0.001"/>
  <system-out/>
  <testcase classname="sample.Sample2" name="createUser" time="0.001"/>
  <system-out/>
  <testcase classname="sample.Sample2" name="modifyUser" time="0.001"/>
  <system-out/>
  <testcase classname="sample.Sample2" name="deleteUser" time="0.001"/>
  <system-out/>
</testsuite> <!-- sample.Sample2 -->
